[debug] > Exec(early(addDefaultCommands), None, None)
[debug] > Exec(addDefaultCommands, None, None)
[debug] > Exec(early(initialize), None, None)
[debug] > Exec(initialize, None, None)
[debug] > Exec(early(addPluginSbtFile="""C:\Users\drinks\AppData\Local\Temp\idea1.sbt"""), None, None)
[debug] > Exec(addPluginSbtFile="""C:\Users\drinks\AppData\Local\Temp\idea1.sbt""", None, None)
[debug] > Exec(boot, None, None)
[debug] > Exec(writeSbtVersion, None, None)
[debug] > Exec(reload, None, None)
[debug] > Exec(sbtStashOnFailure, None, None)
[debug] > Exec(onFailure loadFailed, None, None)
[debug] > Exec(loadp, None, None)
[info] welcome to sbt 1.5.2 (AdoptOpenJDK Java 1.8.0_275)
[debug]       Load.loadUnit: plugins took 81.9616ms
[debug]       Load.loadUnit: defsScala took 0.3185ms
[debug] [Loading] Scanning directory C:\Users\drinks\.sbt\1.0\plugins
[debug] [Loading] Found non-root projects 
[debug] [Loading] Done in C:\Users\drinks\.sbt\1.0\plugins, returning: ()
[debug] deducing auto plugins based on known facts Set(Atom(sbt.plugins.CorePlugin)) and clauses Clauses(Clause(Atom(sbt.plugins.JvmPlugin),Set(Atom(sbt.plugins.IvyPlugin)))
[debug] Clause(Atom(sbt.ScriptedPlugin),Set(Atom(sbt.plugins.JvmPlugin)))
[debug] Clause(Atom(sbt.plugins.SbtPlugin),Set(Atom(sbt.ScriptedPlugin)))
[debug] Clause(Atom(sbt.plugins.SemanticdbPlugin),Set(Atom(sbt.plugins.JvmPlugin)))
[debug] Clause(Atom(sbt.plugins.JUnitXmlReportPlugin),Set(Atom(sbt.plugins.JvmPlugin)))
[debug] Clause(Atom(sbt.plugins.MiniDependencyTreePlugin),Set(Atom(sbt.plugins.JvmPlugin)))
[debug] Clause(Atom(sbt.plugins.CorePlugin),Set(Atom(sbt.plugins.IvyPlugin)))
[debug] Clause(Atom(sbt.plugins.IvyPlugin),Set(Atom(sbt.plugins.JvmPlugin)))
[debug] Clause(Atom(sbt.plugins.JvmPlugin),Set(Atom(sbt.plugins.SemanticdbPlugin)))
[debug] Clause(Atom(sbt.plugins.JvmPlugin),Set(Atom(sbt.plugins.JUnitXmlReportPlugin)))
[debug] Clause(Atom(sbt.plugins.CorePlugin),Set(Atom(sbt.plugins.Giter8TemplatePlugin)))
[debug] Clause(Atom(sbt.plugins.JvmPlugin),Set(Atom(sbt.plugins.MiniDependencyTreePlugin))))
[debug]   :: deduced result: Matched(sbt.plugins.CorePlugin,sbt.plugins.Giter8TemplatePlugin,sbt.plugins.IvyPlugin,sbt.plugins.JvmPlugin,sbt.plugins.MiniDependencyTreePlugin,sbt.plugins.JUnitXmlReportPlugin,sbt.plugins.SemanticdbPlugin)
[debug] Plugins.deducer#function took 16.428 ms
[debug]           Load.resolveProject(global-plugins) took 50.0982ms
[debug]         Load.loadTransitive: finalizeProject(Project(id global-plugins, base: C:\Users\drinks\.sbt\1.0\plugins, plugins: List(<none>))) took 91.0664ms
[debug] [Loading] Done in C:\Users\drinks\.sbt\1.0\plugins, returning: (global-plugins)
[debug]       Load.loadUnit: loadedProjectsRaw took 112.346ms
[debug]       Load.loadUnit: cleanEvalClasses took 0.3413ms
[debug]     Load.loadUnit(file:/C:/Users/drinks/.sbt/1.0/plugins/, ...) took 203.8284ms
[debug]   Load.apply: load took 402.2863ms
[debug]   Load.apply: resolveProjects took 8.0744ms
[debug]   Load.apply: finalTransforms took 51.2218ms
[debug]   Load.apply: config.delegates took 9.3106ms
[debug]   Load.apply: Def.make(settings)... took 356.2917ms
[debug]   Load.apply: structureIndex took 89.4859ms
[debug]   Load.apply: mkStreams took 1.985ms
[info] loading global plugins from C:\Users\drinks\.sbt\1.0\plugins
[debug] Running task... Cancel: Signal, check cycles: false, forcegc: true
[debug] Load.defaultLoad until apply took 2508.0882ms
[debug]           Load.loadUnit: plugins took 18.9304ms
[debug]           Load.loadUnit: defsScala took 0.0028ms
[debug] [Loading] Scanning directory D:\Documents\datasource\project
[debug]             Load.loadUnit: mkEval took 7.7239ms
[debug] [Loading] Found non-root projects 
[debug] [Loading] Done in D:\Documents\datasource\project, returning: ()
[debug] deducing auto plugins based on known facts Set(Atom(sbt.plugins.CorePlugin)) and clauses Clauses(Clause(Atom(sbt.plugins.JvmPlugin),Set(Atom(sbt.plugins.IvyPlugin)))
[debug] Clause(Atom(sbt.ScriptedPlugin),Set(Atom(sbt.plugins.JvmPlugin)))
[debug] Clause(Atom(sbt.plugins.SbtPlugin),Set(Atom(sbt.ScriptedPlugin)))
[debug] Clause(Atom(sbt.plugins.SemanticdbPlugin),Set(Atom(sbt.plugins.JvmPlugin)))
[debug] Clause(Atom(sbt.plugins.JUnitXmlReportPlugin),Set(Atom(sbt.plugins.JvmPlugin)))
[debug] Clause(Atom(sbt.plugins.MiniDependencyTreePlugin),Set(Atom(sbt.plugins.JvmPlugin)))
[debug] Clause(Atom(sbt.plugins.CorePlugin),Set(Atom(sbt.plugins.IvyPlugin)))
[debug] Clause(Atom(sbt.plugins.IvyPlugin),Set(Atom(sbt.plugins.JvmPlugin)))
[debug] Clause(Atom(sbt.plugins.JvmPlugin),Set(Atom(sbt.plugins.SemanticdbPlugin)))
[debug] Clause(Atom(sbt.plugins.JvmPlugin),Set(Atom(sbt.plugins.JUnitXmlReportPlugin)))
[debug] Clause(Atom(sbt.plugins.CorePlugin),Set(Atom(sbt.plugins.Giter8TemplatePlugin)))
[debug] Clause(Atom(sbt.plugins.JvmPlugin),Set(Atom(sbt.plugins.MiniDependencyTreePlugin))))
[debug]   :: deduced result: Matched(sbt.plugins.CorePlugin,sbt.plugins.Giter8TemplatePlugin,sbt.plugins.IvyPlugin,sbt.plugins.JvmPlugin,sbt.plugins.MiniDependencyTreePlugin,sbt.plugins.JUnitXmlReportPlugin,sbt.plugins.SemanticdbPlugin)
[debug] Plugins.deducer#function took 2.3812 ms
[info] loading settings for project datasource-build from idea1.sbt ...
[debug]               Load.resolveProject(datasource-build) took 3.2354ms
[debug]             Load.loadTransitive: finalizeProject(Project(id datasource-build, base: D:\Documents\datasource\project, plugins: List(<none>))) took 6.2545ms
[debug] [Loading] Done in D:\Documents\datasource\project, returning: (datasource-build)
[debug]           Load.loadUnit: loadedProjectsRaw took 164.0301ms
[debug]           Load.loadUnit: cleanEvalClasses took 4.6047ms
[debug]         Load.loadUnit(file:/D:/Documents/datasource/project/, ...) took 188.42ms
[debug]       Load.apply: load took 189.909ms
[debug]       Load.apply: resolveProjects took 0.1578ms
[debug]       Load.apply: finalTransforms took 8.3367ms
[debug]       Load.apply: config.delegates took 1.567ms
[debug]       Load.apply: Def.make(settings)... took 80.9506ms
[debug]       Load.apply: structureIndex took 22.7546ms
[debug]       Load.apply: mkStreams took 0.0051ms
[info] loading project definition from D:\Documents\datasource\project
[debug] Running task... Cancel: Signal, check cycles: false, forcegc: true
[debug]     Load.loadUnit: plugins took 545.162ms
[debug]     Load.loadUnit: defsScala took 0.0025ms
[debug] [Loading] Scanning directory D:\Documents\datasource
[debug]       Load.loadUnit: mkEval took 0.2938ms
[debug] Type error in expression
[debug] 	at sbt.compiler.Eval.checkError(Eval.scala:487)
[debug] 	at sbt.compiler.Eval.compileAndLoad(Eval.scala:262)
[debug] 	at sbt.compiler.Eval.evalCommon(Eval.scala:223)
[debug] 	at sbt.compiler.Eval.evalDefinitions(Eval.scala:164)
[debug] 	at sbt.internal.EvaluateConfigurations$.evaluateDefinitions(EvaluateConfigurations.scala:326)
[debug] 	at sbt.internal.EvaluateConfigurations$.evaluateSbtFile(EvaluateConfigurations.scala:152)
[debug] 	at sbt.internal.Load$.loadSettingsFile$1(Load.scala:1107)
[debug] 	at sbt.internal.Load$.$anonfun$discoverProjects$2(Load.scala:1117)
[debug] 	at scala.collection.MapLike.getOrElse(MapLike.scala:131)
[debug] 	at scala.collection.MapLike.getOrElse$(MapLike.scala:129)
[debug] 	at scala.collection.AbstractMap.getOrElse(Map.scala:65)
[debug] 	at sbt.internal.Load$.memoLoadSettingsFile$1(Load.scala:1116)
[debug] 	at sbt.internal.Load$.$anonfun$discoverProjects$4(Load.scala:1124)
[debug] 	at scala.collection.immutable.List.map(List.scala:293)
[debug] 	at sbt.internal.Load$.loadFiles$1(Load.scala:1124)
[debug] 	at sbt.internal.Load$.discoverProjects(Load.scala:1138)
[debug] 	at sbt.internal.Load$.discover$1(Load.scala:890)
[debug] 	at sbt.internal.Load$.loadTransitive(Load.scala:944)
[debug] 	at sbt.internal.Load$.loadProjects$1(Load.scala:727)
[debug] 	at sbt.internal.Load$.$anonfun$loadUnit$11(Load.scala:730)
[debug] 	at sbt.internal.Load$.timed(Load.scala:1385)
[debug] 	at sbt.internal.Load$.$anonfun$loadUnit$1(Load.scala:730)
[debug] 	at sbt.internal.Load$.timed(Load.scala:1385)
[debug] 	at sbt.internal.Load$.loadUnit(Load.scala:689)
[debug] 	at sbt.internal.Load$.$anonfun$builtinLoader$4(Load.scala:487)
[debug] 	at sbt.internal.BuildLoader$.$anonfun$componentLoader$5(BuildLoader.scala:180)
[debug] 	at sbt.internal.BuildLoader.apply(BuildLoader.scala:245)
[debug] 	at sbt.internal.Load$.loadURI$1(Load.scala:549)
[debug] 	at sbt.internal.Load$.loadAll(Load.scala:565)
[debug] 	at sbt.internal.Load$.loadURI(Load.scala:495)
[debug] 	at sbt.internal.Load$.load(Load.scala:474)
[debug] 	at sbt.internal.Load$.$anonfun$apply$1(Load.scala:243)
[debug] 	at sbt.internal.Load$.timed(Load.scala:1385)
[debug] 	at sbt.internal.Load$.apply(Load.scala:243)
[debug] 	at sbt.internal.Load$.defaultLoad(Load.scala:56)
[debug] 	at sbt.BuiltinCommands$.liftedTree1$1(Main.scala:959)
[debug] 	at sbt.BuiltinCommands$.doLoadProject(Main.scala:959)
[debug] 	at sbt.BuiltinCommands$.$anonfun$loadProjectImpl$2(Main.scala:912)
[debug] 	at sbt.Command$.$anonfun$applyEffect$4(Command.scala:150)
[debug] 	at sbt.Command$.$anonfun$applyEffect$2(Command.scala:145)
[debug] 	at sbt.Command$.process(Command.scala:189)
[debug] 	at sbt.MainLoop$.$anonfun$processCommand$5(MainLoop.scala:245)
[debug] 	at scala.Option.getOrElse(Option.scala:189)
[debug] 	at sbt.MainLoop$.process$1(MainLoop.scala:245)
[debug] 	at sbt.MainLoop$.processCommand(MainLoop.scala:278)
[debug] 	at sbt.MainLoop$.$anonfun$next$5(MainLoop.scala:163)
[debug] 	at sbt.State$StateOpsImpl$.runCmd$1(State.scala:289)
[debug] 	at sbt.State$StateOpsImpl$.process$extension(State.scala:325)
[debug] 	at sbt.MainLoop$.$anonfun$next$4(MainLoop.scala:163)
[debug] 	at sbt.internal.util.ErrorHandling$.wideConvert(ErrorHandling.scala:23)
[debug] 	at sbt.MainLoop$.next(MainLoop.scala:163)
[debug] 	at sbt.MainLoop$.run(MainLoop.scala:144)
[debug] 	at sbt.MainLoop$.$anonfun$runWithNewLog$1(MainLoop.scala:119)
[debug] 	at sbt.io.Using.apply(Using.scala:27)
[debug] 	at sbt.MainLoop$.runWithNewLog(MainLoop.scala:112)
[debug] 	at sbt.MainLoop$.runAndClearLast(MainLoop.scala:66)
[debug] 	at sbt.MainLoop$.runLoggedLoop(MainLoop.scala:51)
[debug] 	at sbt.MainLoop$.runLogged(MainLoop.scala:42)
[debug] 	at sbt.StandardMain$.runManaged(Main.scala:218)
[debug] 	at sbt.xMain$.$anonfun$run$11(Main.scala:133)
[debug] 	at scala.util.DynamicVariable.withValue(DynamicVariable.scala:62)
[debug] 	at scala.Console$.withIn(Console.scala:230)
[debug] 	at sbt.internal.util.Terminal$.withIn(Terminal.scala:560)
[debug] 	at sbt.internal.util.Terminal$.$anonfun$withStreams$1(Terminal.scala:350)
[debug] 	at scala.util.DynamicVariable.withValue(DynamicVariable.scala:62)
[debug] 	at scala.Console$.withOut(Console.scala:167)
[debug] 	at sbt.internal.util.Terminal$.$anonfun$withOut$2(Terminal.scala:550)
[debug] 	at scala.util.DynamicVariable.withValue(DynamicVariable.scala:62)
[debug] 	at scala.Console$.withErr(Console.scala:196)
[debug] 	at sbt.internal.util.Terminal$.withOut(Terminal.scala:550)
[debug] 	at sbt.internal.util.Terminal$.withStreams(Terminal.scala:350)
[debug] 	at sbt.xMain$.withStreams$1(Main.scala:87)
[debug] 	at sbt.xMain$.run(Main.scala:121)
[debug] 	at sun.reflect.NativeMethodAccessorImpl.invoke0(Native Method)
[debug] 	at sun.reflect.NativeMethodAccessorImpl.invoke(NativeMethodAccessorImpl.java:62)
[debug] 	at sun.reflect.DelegatingMethodAccessorImpl.invoke(DelegatingMethodAccessorImpl.java:43)
[debug] 	at java.lang.reflect.Method.invoke(Method.java:498)
[debug] 	at sbt.internal.XMainConfiguration.run(XMainConfiguration.java:56)
[debug] 	at sbt.xMain.run(Main.scala:46)
[debug] 	at xsbt.boot.Launch$$anonfun$run$1.apply(Launch.scala:111)
[debug] 	at xsbt.boot.Launch$.withContextLoader(Launch.scala:131)
[debug] 	at xsbt.boot.Launch$.run(Launch.scala:111)
[debug] 	at xsbt.boot.Launch$$anonfun$apply$1.apply(Launch.scala:37)
[debug] 	at xsbt.boot.Launch$.launch(Launch.scala:120)
[debug] 	at xsbt.boot.Launch$.apply(Launch.scala:20)
[debug] 	at xsbt.boot.Boot$.runImpl(Boot.scala:56)
[debug] 	at xsbt.boot.Boot$.main(Boot.scala:18)
[debug] 	at xsbt.boot.Boot.main(Boot.scala)
[error] sbt.compiler.EvalException: Type error in expression
[error] sbt.compiler.EvalException: Type error in expression
[error] Use 'last' for the full log.
[debug] > Exec(loadFailed, None, None)
[warn] Project loading failed: (r)etry, (q)uit, (l)ast, or (i)gnore? (default: r)
